demo/build/intermediates/manifest_merge_blame_file/debug/manifest-merger-blame-debug-report.txt
1<?xml version="1.0" encoding="utf-8"?>
2<manifest xmlns:android="http://schemas.android.com/apk/res/android"
3    package="com.watabou.pixeldungeon"
4    android:installLocation="auto"
5    android:versionCode="74"
6    android:versionName="1.9.1" >
7
8    <uses-sdk
9        android:minSdkVersion="14"
9-->src\main\AndroidManifest.xml
10        android:targetSdkVersion="26" />
10-->src\main\AndroidManifest.xml
11
12    <uses-permission android:name="android.permission.VIBRATE" />
12-->src\main\AndroidManifest.xml:8:5-66
12-->src\main\AndroidManifest.xml:8:22-63
13
14    <uses-feature android:glEsVersion="0x00020000" />
14-->src\main\AndroidManifest.xml:10:5-54
14-->src\main\AndroidManifest.xml:10:19-51
15
16    <supports-screens
16-->src\main\AndroidManifest.xml:12:5-15:40
17        android:largeScreens="true"
17-->src\main\AndroidManifest.xml:13:9-36
18        android:normalScreens="true"
18-->src\main\AndroidManifest.xml:14:9-37
19        android:smallScreens="false" />
19-->src\main\AndroidManifest.xml:15:9-37
20
21    <!-- android:xlargeScreens="true" -->
22    <application
22-->src\main\AndroidManifest.xml:18:5-33:19
23        android:allowBackup="true"
23-->src\main\AndroidManifest.xml:19:9-35
24        android:appComponentFactory="androidx.core.app.CoreComponentFactory"
24-->[androidx.core:core:1.2.0-beta01] AndroidManifest.xml:24:18-86
25        android:debuggable="true"
26        android:icon="@drawable/ic_launcher"
26-->src\main\AndroidManifest.xml:20:9-45
27        android:label="@string/app_name"
27-->src\main\AndroidManifest.xml:21:9-41
28        android:testOnly="true"
29        android:theme="@android:style/Theme.Black.NoTitleBar.Fullscreen" >
29-->src\main\AndroidManifest.xml:22:9-73
30        <activity
30-->src\main\AndroidManifest.xml:24:9-32:20
31            android:name="com.watabou.pixeldungeon.PixelDungeon"
31-->src\main\AndroidManifest.xml:25:13-41
32            android:label="@string/app_name"
32-->src\main\AndroidManifest.xml:26:13-45
33            android:screenOrientation="portrait" >
33-->src\main\AndroidManifest.xml:27:13-49
34            <intent-filter>
34-->src\main\AndroidManifest.xml:28:13-31:29
35                <action android:name="android.intent.action.MAIN" />
35-->src\main\AndroidManifest.xml:29:17-69
35-->src\main\AndroidManifest.xml:29:25-66
36
37                <category android:name="android.intent.category.LAUNCHER" />
37-->src\main\AndroidManifest.xml:30:17-77
37-->src\main\AndroidManifest.xml:30:27-74
38            </intent-filter>
39        </activity>
40    </application>
41
42</manifest>